<?xml version="1.0" encoding="UTF-8"?>
<testng-results skipped="0" failed="0" ignored="0" total="1" passed="1">
  <reporter-output>
    <line>
      <![CDATA[<div "result">I open google search (PASSED : 2s)</div>]]>
    </line>
    <line>
      <![CDATA[<div "result">I enter search query: (PASSED : 0s)</div>]]>
    </line>
    <line>
      <![CDATA[<div "result">I click the search button (PASSED : 1s)</div>]]>
    </line>
    <line>
      <![CDATA[<div "result">I check that search is performed (PASSED : 0s)</div>]]>
    </line>
  </reporter-output>
  <suite name="Suite 1" duration-ms="8175" started-at="2018-04-08T13:35:50Z" finished-at="2018-04-08T13:35:58Z">
    <groups>
      <group name="cucumber">
        <method signature="AbstractTestNGCucumberTests.runScenario(cucumber.api.testng.PickleEventWrapper, cucumber.api.testng.CucumberFeatureWrapper)[pri:0, instance:Runner@4cb2c100]" name="runScenario" class="cucumber.api.testng.AbstractTestNGCucumberTests"/>
      </group> <!-- cucumber -->
    </groups>
    <test name="Test 1" duration-ms="8175" started-at="2018-04-08T13:35:50Z" finished-at="2018-04-08T13:35:58Z">
      <class name="Runner">
        <test-method status="PASS" signature="setUpClass()[pri:0, instance:Runner@4cb2c100]" name="setUpClass" is-config="true" duration-ms="175" started-at="2018-04-08T16:35:50Z" finished-at="2018-04-08T16:35:50Z">
          <reporter-output>
          </reporter-output>
        </test-method> <!-- setUpClass -->
        <test-method status="PASS" signature="runScenario(cucumber.api.testng.PickleEventWrapper, cucumber.api.testng.CucumberFeatureWrapper)[pri:0, instance:Runner@4cb2c100]" name="runScenario" duration-ms="7938" started-at="2018-04-08T16:35:50Z" description="Runs Cucumber Scenarios" data-provider="scenarios" finished-at="2018-04-08T16:35:58Z">
          <params>
            <param index="0">
              <value>
                <![CDATA["Valid search"]]>
              </value>
            </param>
            <param index="1">
              <value>
                <![CDATA["Google manipulations"]]>
              </value>
            </param>
          </params>
          <reporter-output>
            <line>
              <![CDATA[<div "result">I open google search (PASSED : 2s)</div>]]>
            </line>
            <line>
              <![CDATA[<div "result">I enter search query: (PASSED : 0s)</div>]]>
            </line>
            <line>
              <![CDATA[<div "result">I click the search button (PASSED : 1s)</div>]]>
            </line>
            <line>
              <![CDATA[<div "result">I check that search is performed (PASSED : 0s)</div>]]>
            </line>
          </reporter-output>
        </test-method> <!-- runScenario -->
        <test-method status="PASS" signature="tearDownClass()[pri:0, instance:Runner@4cb2c100]" name="tearDownClass" is-config="true" duration-ms="21" started-at="2018-04-08T16:35:58Z" finished-at="2018-04-08T16:35:58Z">
          <reporter-output>
          </reporter-output>
        </test-method> <!-- tearDownClass -->
      </class> <!-- Runner -->
    </test> <!-- Test 1 -->
  </suite> <!-- Suite 1 -->
</testng-results>
